<?xml version="1.0" encoding="UTF-8"?>
<!-- Generated by org.testng.reporters.JUnitReportReporter -->
<testsuite hostname="DESKTOP-HVTM02N" failures="0" tests="1" name="runnerFiles.TestNGRunner" time="7.775" errors="0" timestamp="2024-02-24T01:34:08 IST" skipped="0">
  <testcase classname="runnerFiles.TestNGRunner" name="runScenario" time="7.775"/>
</testsuite> <!-- runnerFiles.TestNGRunner -->
